n = 500, simulation time = 0.110275 seconds
n = 500, simulation time = 0.164223 seconds
n = 500, simulation time = 0.161752 seconds
n = 500, simulation time = 0.152606 seconds
n = 500, simulation time = 0.156866 seconds
n = 500, simulation time = 0.16575 seconds
n = 1000, simulation time = 0.421991 seconds
n = 2000, simulation time = 0.748345 seconds
n = 4000, simulation time = 1.17749 seconds
n = 8000, simulation time = 2.41636 seconds

Strong scaling estimates are :
    0.67    0.68    0.72    0.70    0.67 (speedup)
    0.67    0.68    0.72    0.70    0.67 (efficiency)    for
       1       1       1       1       1 threads/processors

Average strong scaling efficiency:    0.69 

Weak scaling estimates are :
    0.67    0.26    0.15    0.09    0.05 (efficiency)    for
       1       1       1       1       1 threads/processors

Average weak scaling efficiency:    0.24 


mpi Grade =   63.66

