rm: cannot remove ‘pthreads_sum.txt’: No such file or directory
n = 500, simulation time = 0.124948 seconds
n = 500,threads = 28, simulation time = 0.134067 seconds
n = 500,threads = 28, simulation time = 0.046143 seconds
n = 500,threads = 28, simulation time = 0.061464 seconds
n = 500,threads = 28, simulation time = 0.08069 seconds
n = 500,threads = 28, simulation time = 0.119442 seconds
n = 1000,threads = 28, simulation time = 0.052475 seconds
n = 2000,threads = 28, simulation time = 0.137439 seconds
n = 4000,threads = 28, simulation time = 0.145109 seconds
/var/slurmd/job2641222/slurm_script: line 20: ./openmo: No such file or directory

Strong scaling estimates are :
    0.93    2.71    2.03    1.55 (speedup)
    0.93    0.10    0.07    0.06 (efficiency)    for
      28      28      28      28 threads/processors

Average strong scaling efficiency:    0.29 

Weak scaling estimates are :
    0.93    1.05    2.38    0.91 (efficiency)    for
      28      28      28      28 threads/processors

Average weak scaling efficiency:    1.32 


openmp Grade =   71.69

